{"message":"Something failed during startup.","stack":"Error: Something failed during startup.\n    at Object.<anonymous> (/Users/moshfeghhamedani/Desktop/node-course/vidly/index.js:29:7)\n    at Module._compile (module.js:635:30)\n    at Object.Module._extensions..js (module.js:646:10)\n    at Module.load (module.js:554:32)\n    at tryModuleLoad (module.js:497:12)\n    at Function.Module._load (module.js:489:3)\n    at Function.Module.runMain (module.js:676:10)\n    at startup (bootstrap_node.js:187:16)\n    at bootstrap_node.js:608:3","level":"error","timestamp":"2018-02-06T20:32:44.656Z"}
{"message":"Something failed miserably!","stack":"Error: Something failed miserably!\n    at Object.<anonymous> (/Users/moshfeghhamedani/Desktop/node-course/vidly/index.js:34:26)\n    at Module._compile (module.js:635:30)\n    at Object.Module._extensions..js (module.js:646:10)\n    at Module.load (module.js:554:32)\n    at tryModuleLoad (module.js:497:12)\n    at Function.Module._load (module.js:489:3)\n    at Function.Module.runMain (module.js:676:10)\n    at startup (bootstrap_node.js:187:16)\n    at bootstrap_node.js:608:3","level":"error","timestamp":"2018-02-06T20:53:50.001Z"}
{"message":"Could not get the genres.","stack":"Error: Could not get the genres.\n    at router.get (/Users/moshfeghhamedani/Desktop/node-course/vidly/routes/genres.js:9:9)\n    at /Users/moshfeghhamedani/Desktop/node-course/vidly/node_modules/express-async-errors/index.js:17:17\n    at Layer.handle [as handle_request] (/Users/moshfeghhamedani/Desktop/node-course/vidly/node_modules/express/lib/router/layer.js:95:5)\n    at next (/Users/moshfeghhamedani/Desktop/node-course/vidly/node_modules/express/lib/router/route.js:137:13)\n    at Route.dispatch (/Users/moshfeghhamedani/Desktop/node-course/vidly/node_modules/express/lib/router/route.js:112:3)\n    at /Users/moshfeghhamedani/Desktop/node-course/vidly/node_modules/express-async-errors/index.js:17:17\n    at Layer.handle [as handle_request] (/Users/moshfeghhamedani/Desktop/node-course/vidly/node_modules/express/lib/router/layer.js:95:5)\n    at /Users/moshfeghhamedani/Desktop/node-course/vidly/node_modules/express/lib/router/index.js:281:22\n    at Function.process_params (/Users/moshfeghhamedani/Desktop/node-course/vidly/node_modules/express/lib/router/index.js:335:12)\n    at next (/Users/moshfeghhamedani/Desktop/node-course/vidly/node_modules/express/lib/router/index.js:275:10)\n    at Function.handle (/Users/moshfeghhamedani/Desktop/node-course/vidly/node_modules/express/lib/router/index.js:174:3)\n    at router (/Users/moshfeghhamedani/Desktop/node-course/vidly/node_modules/express/lib/router/index.js:47:12)\n    at /Users/moshfeghhamedani/Desktop/node-course/vidly/node_modules/express-async-errors/index.js:17:17\n    at Layer.handle [as handle_request] (/Users/moshfeghhamedani/Desktop/node-course/vidly/node_modules/express/lib/router/layer.js:95:5)\n    at trim_prefix (/Users/moshfeghhamedani/Desktop/node-course/vidly/node_modules/express/lib/router/index.js:317:13)\n    at /Users/moshfeghhamedani/Desktop/node-course/vidly/node_modules/express/lib/router/index.js:284:7","level":"error","timestamp":"2018-02-06T21:21:42.521Z"}
{"message":"Could not get the genres.","stack":"Error: Could not get the genres.\n    at router.get (/Users/moshfeghhamedani/Desktop/node-course/vidly/routes/genres.js:9:9)\n    at /Users/moshfeghhamedani/Desktop/node-course/vidly/node_modules/express-async-errors/index.js:17:17\n    at Layer.handle [as handle_request] (/Users/moshfeghhamedani/Desktop/node-course/vidly/node_modules/express/lib/router/layer.js:95:5)\n    at next (/Users/moshfeghhamedani/Desktop/node-course/vidly/node_modules/express/lib/router/route.js:137:13)\n    at Route.dispatch (/Users/moshfeghhamedani/Desktop/node-course/vidly/node_modules/express/lib/router/route.js:112:3)\n    at /Users/moshfeghhamedani/Desktop/node-course/vidly/node_modules/express-async-errors/index.js:17:17\n    at Layer.handle [as handle_request] (/Users/moshfeghhamedani/Desktop/node-course/vidly/node_modules/express/lib/router/layer.js:95:5)\n    at /Users/moshfeghhamedani/Desktop/node-course/vidly/node_modules/express/lib/router/index.js:281:22\n    at Function.process_params (/Users/moshfeghhamedani/Desktop/node-course/vidly/node_modules/express/lib/router/index.js:335:12)\n    at next (/Users/moshfeghhamedani/Desktop/node-course/vidly/node_modules/express/lib/router/index.js:275:10)\n    at Function.handle (/Users/moshfeghhamedani/Desktop/node-course/vidly/node_modules/express/lib/router/index.js:174:3)\n    at router (/Users/moshfeghhamedani/Desktop/node-course/vidly/node_modules/express/lib/router/index.js:47:12)\n    at /Users/moshfeghhamedani/Desktop/node-course/vidly/node_modules/express-async-errors/index.js:17:17\n    at Layer.handle [as handle_request] (/Users/moshfeghhamedani/Desktop/node-course/vidly/node_modules/express/lib/router/layer.js:95:5)\n    at trim_prefix (/Users/moshfeghhamedani/Desktop/node-course/vidly/node_modules/express/lib/router/index.js:317:13)\n    at /Users/moshfeghhamedani/Desktop/node-course/vidly/node_modules/express/lib/router/index.js:284:7","level":"error","timestamp":"2018-02-06T21:21:43.301Z"}
{"message":"Could not get the genres.","stack":"Error: Could not get the genres.\n    at router.get (/Users/moshfeghhamedani/Desktop/node-course/vidly/routes/genres.js:9:9)\n    at /Users/moshfeghhamedani/Desktop/node-course/vidly/node_modules/express-async-errors/index.js:17:17\n    at Layer.handle [as handle_request] (/Users/moshfeghhamedani/Desktop/node-course/vidly/node_modules/express/lib/router/layer.js:95:5)\n    at next (/Users/moshfeghhamedani/Desktop/node-course/vidly/node_modules/express/lib/router/route.js:137:13)\n    at Route.dispatch (/Users/moshfeghhamedani/Desktop/node-course/vidly/node_modules/express/lib/router/route.js:112:3)\n    at /Users/moshfeghhamedani/Desktop/node-course/vidly/node_modules/express-async-errors/index.js:17:17\n    at Layer.handle [as handle_request] (/Users/moshfeghhamedani/Desktop/node-course/vidly/node_modules/express/lib/router/layer.js:95:5)\n    at /Users/moshfeghhamedani/Desktop/node-course/vidly/node_modules/express/lib/router/index.js:281:22\n    at Function.process_params (/Users/moshfeghhamedani/Desktop/node-course/vidly/node_modules/express/lib/router/index.js:335:12)\n    at next (/Users/moshfeghhamedani/Desktop/node-course/vidly/node_modules/express/lib/router/index.js:275:10)\n    at Function.handle (/Users/moshfeghhamedani/Desktop/node-course/vidly/node_modules/express/lib/router/index.js:174:3)\n    at router (/Users/moshfeghhamedani/Desktop/node-course/vidly/node_modules/express/lib/router/index.js:47:12)\n    at /Users/moshfeghhamedani/Desktop/node-course/vidly/node_modules/express-async-errors/index.js:17:17\n    at Layer.handle [as handle_request] (/Users/moshfeghhamedani/Desktop/node-course/vidly/node_modules/express/lib/router/layer.js:95:5)\n    at trim_prefix (/Users/moshfeghhamedani/Desktop/node-course/vidly/node_modules/express/lib/router/index.js:317:13)\n    at /Users/moshfeghhamedani/Desktop/node-course/vidly/node_modules/express/lib/router/index.js:284:7","level":"error","timestamp":"2018-02-06T21:21:52.096Z"}
{"message":"Could not get the genres.","stack":"Error: Could not get the genres.\n    at router.get (/Users/moshfeghhamedani/Desktop/node-course/vidly/routes/genres.js:9:9)\n    at /Users/moshfeghhamedani/Desktop/node-course/vidly/node_modules/express-async-errors/index.js:17:17\n    at Layer.handle [as handle_request] (/Users/moshfeghhamedani/Desktop/node-course/vidly/node_modules/express/lib/router/layer.js:95:5)\n    at next (/Users/moshfeghhamedani/Desktop/node-course/vidly/node_modules/express/lib/router/route.js:137:13)\n    at Route.dispatch (/Users/moshfeghhamedani/Desktop/node-course/vidly/node_modules/express/lib/router/route.js:112:3)\n    at /Users/moshfeghhamedani/Desktop/node-course/vidly/node_modules/express-async-errors/index.js:17:17\n    at Layer.handle [as handle_request] (/Users/moshfeghhamedani/Desktop/node-course/vidly/node_modules/express/lib/router/layer.js:95:5)\n    at /Users/moshfeghhamedani/Desktop/node-course/vidly/node_modules/express/lib/router/index.js:281:22\n    at Function.process_params (/Users/moshfeghhamedani/Desktop/node-course/vidly/node_modules/express/lib/router/index.js:335:12)\n    at next (/Users/moshfeghhamedani/Desktop/node-course/vidly/node_modules/express/lib/router/index.js:275:10)\n    at Function.handle (/Users/moshfeghhamedani/Desktop/node-course/vidly/node_modules/express/lib/router/index.js:174:3)\n    at router (/Users/moshfeghhamedani/Desktop/node-course/vidly/node_modules/express/lib/router/index.js:47:12)\n    at /Users/moshfeghhamedani/Desktop/node-course/vidly/node_modules/express-async-errors/index.js:17:17\n    at Layer.handle [as handle_request] (/Users/moshfeghhamedani/Desktop/node-course/vidly/node_modules/express/lib/router/layer.js:95:5)\n    at trim_prefix (/Users/moshfeghhamedani/Desktop/node-course/vidly/node_modules/express/lib/router/index.js:317:13)\n    at /Users/moshfeghhamedani/Desktop/node-course/vidly/node_modules/express/lib/router/index.js:284:7","level":"error","timestamp":"2018-02-06T21:21:53.806Z"}
{"level":"info","message":"Connected to MongoDB...","timestamp":"2018-02-06T21:34:26.743Z"}
{"level":"info","message":"Connected to MongoDB...","timestamp":"2018-02-06T21:39:24.124Z"}
{"level":"info","message":"Listening on port 3000...","timestamp":"2018-11-23T12:51:48.966Z"}
{"level":"info","message":"Connected to mongodb://localhost/vidly_tests...","timestamp":"2018-11-23T12:51:49.010Z"}
{"level":"info","message":"Listening on port 3000...","timestamp":"2018-11-23T13:07:10.939Z"}
{"level":"info","message":"Connected to mongodb://localhost/vidly_tests...","timestamp":"2018-11-23T13:07:11.051Z"}
{"level":"info","message":"Listening on port 3000...","timestamp":"2018-11-23T13:08:42.224Z"}
{"level":"info","message":"Connected to mongodb://localhost/vidly_tests...","timestamp":"2018-11-23T13:08:42.313Z"}
{"level":"info","message":"Listening on port 3000...","timestamp":"2018-11-23T13:10:27.523Z"}
{"level":"info","message":"Connected to mongodb://localhost/vidly_tests...","timestamp":"2018-11-23T13:10:27.572Z"}
{"level":"info","message":"Listening on port 3000...","timestamp":"2018-11-23T13:17:05.994Z"}
{"level":"info","message":"Connected to mongodb://localhost/vidly_tests...","timestamp":"2018-11-23T13:17:06.055Z"}
{"level":"info","message":"Listening on port 3000...","timestamp":"2018-11-23T13:17:45.421Z"}
{"level":"info","message":"Connected to mongodb://localhost/vidly_tests...","timestamp":"2018-11-23T13:17:45.476Z"}
{"level":"info","message":"Listening on port 3000...","timestamp":"2018-11-23T13:19:50.060Z"}
{"level":"info","message":"Connected to mongodb://localhost/vidly_tests...","timestamp":"2018-11-23T13:19:50.113Z"}
{"level":"info","message":"Listening on port 3000...","timestamp":"2018-11-23T13:20:37.241Z"}
{"level":"info","message":"Connected to mongodb://localhost/vidly_tests...","timestamp":"2018-11-23T13:20:37.378Z"}
{"level":"info","message":"Listening on port 3000...","timestamp":"2018-11-23T13:20:42.029Z"}
{"level":"info","message":"Connected to mongodb://localhost/vidly_tests...","timestamp":"2018-11-23T13:20:42.130Z"}
{"level":"info","message":"Listening on port 3000...","timestamp":"2018-11-23T13:22:16.262Z"}
{"level":"info","message":"Connected to mongodb://localhost/vidly_tests...","timestamp":"2018-11-23T13:22:16.280Z"}
{"level":"info","message":"Listening on port 3000...","timestamp":"2018-11-23T13:22:44.480Z"}
{"level":"info","message":"Connected to mongodb://localhost/vidly_tests...","timestamp":"2018-11-23T13:22:44.500Z"}
{"level":"info","message":"Listening on port 3000...","timestamp":"2018-11-23T13:23:00.978Z"}
{"level":"info","message":"Connected to mongodb://localhost/vidly_tests...","timestamp":"2018-11-23T13:23:01.118Z"}
{"level":"info","message":"Listening on port 3000...","timestamp":"2018-11-23T13:23:38.174Z"}
{"level":"info","message":"Connected to mongodb://localhost/vidly_tests...","timestamp":"2018-11-23T13:23:38.186Z"}
{"level":"info","message":"Listening on port 3000...","timestamp":"2018-11-23T13:23:45.911Z"}
{"level":"info","message":"Connected to mongodb://localhost/vidly_tests...","timestamp":"2018-11-23T13:23:46.091Z"}
{"level":"info","message":"Listening on port 3000...","timestamp":"2018-11-23T13:25:28.611Z"}
{"level":"info","message":"Connected to mongodb://localhost/vidly_tests...","timestamp":"2018-11-23T13:25:28.625Z"}
{"level":"info","message":"Listening on port 3000...","timestamp":"2018-11-23T13:32:59.769Z"}
{"level":"info","message":"Connected to mongodb://localhost/vidly_tests...","timestamp":"2018-11-23T13:32:59.823Z"}
{"level":"info","message":"Listening on port 3000...","timestamp":"2018-11-23T13:34:34.054Z"}
{"level":"info","message":"Connected to mongodb://localhost/vidly_tests...","timestamp":"2018-11-23T13:34:34.168Z"}
{"level":"info","message":"Listening on port 3000...","timestamp":"2018-11-23T13:34:59.692Z"}
{"level":"info","message":"Connected to mongodb://localhost/vidly_tests...","timestamp":"2018-11-23T13:34:59.802Z"}
{"level":"info","message":"Listening on port 3000...","timestamp":"2018-11-23T13:36:38.446Z"}
{"level":"info","message":"Connected to mongodb://localhost/vidly_tests...","timestamp":"2018-11-23T13:36:38.552Z"}
{"level":"info","message":"Listening on port 3000...","timestamp":"2018-11-23T13:47:45.142Z"}
{"level":"info","message":"Connected to mongodb://localhost/vidly_tests...","timestamp":"2018-11-23T13:47:45.253Z"}
